[2025-03-27 21:23:36] DB Error: SQLSTATE[42S22]: Column not found: 1054 Unknown column 'name2' in 'field list'
[2025-03-27 21:40:45] DB Error: SQLSTATE[42000]: Syntax error or access violation: 1064 You have an error in your SQL syntax; check the manual that corresponds to your MySQL server version for the right syntax to use near '[1]} FROM {$data[0]} WHERE {$data[1]} = 'vo@gmail.com'' at line 1
[2025-03-27 21:43:28] DB Error: SQLSTATE[42000]: Syntax error or access violation: 1064 You have an error in your SQL syntax; check the manual that corresponds to your MySQL server version for the right syntax to use near '[1]} FROM {$data[0]} WHERE {$data[1]} = 'vovamakukha@gmail.com'' at line 1
[2025-03-27 21:44:00] DB Error: SQLSTATE[42000]: Syntax error or access violation: 1064 You have an error in your SQL syntax; check the manual that corresponds to your MySQL server version for the right syntax to use near '[1]} FROM {$data[0]} WHERE {$data[1]} = 'vovamakukha@gmail.com'' at line 1
[2025-03-27 21:45:09] DB Error: SQLSTATE[42000]: Syntax error or access violation: 1064 You have an error in your SQL syntax; check the manual that corresponds to your MySQL server version for the right syntax to use near '[1]} FROM {$data[0]} WHERE {$data[1]} = 'vovamakukha@gmail.com'' at line 1
[2025-03-27 21:45:13] DB Error: SQLSTATE[42000]: Syntax error or access violation: 1064 You have an error in your SQL syntax; check the manual that corresponds to your MySQL server version for the right syntax to use near '[1]} FROM {$data[0]} WHERE {$data[1]} = 'vovamakukha@gmail.com'' at line 1
[2025-03-27 21:46:04] DB Error: SQLSTATE[42000]: Syntax error or access violation: 1064 You have an error in your SQL syntax; check the manual that corresponds to your MySQL server version for the right syntax to use near '[1]} FROM {$data[0]} WHERE {$data[1]} = 'vovamakukha@gmail.com'' at line 1
[2025-03-27 21:46:28] DB Error: SQLSTATE[42000]: Syntax error or access violation: 1064 You have an error in your SQL syntax; check the manual that corresponds to your MySQL server version for the right syntax to use near '[1]} FROM {$data[0]} WHERE {$data[1]} = 'vovamakukha@gmail.com'' at line 1
[2025-03-28 16:12:24] DB Error: SQLSTATE[42000]: Syntax error or access violation: 1064 You have an error in your SQL syntax; check the manual that corresponds to your MySQL server version for the right syntax to use near ':title, :content, :excerpt)' at line 1
[2025-03-31 20:41:40] DB Error: SQLSTATE[42000]: Syntax error or access violation: 1064 You have an error in your SQL syntax; check the manual that corresponds to your MySQL server version for the right syntax to use near ':title, :description, :due_date, :priority, :category' at line 1
[2025-03-31 20:41:42] DB Error: SQLSTATE[42000]: Syntax error or access violation: 1064 You have an error in your SQL syntax; check the manual that corresponds to your MySQL server version for the right syntax to use near ':title, :description, :due_date, :priority, :category' at line 1
[2025-03-31 20:41:56] DB Error: SQLSTATE[42000]: Syntax error or access violation: 1064 You have an error in your SQL syntax; check the manual that corresponds to your MySQL server version for the right syntax to use near ':title, :description, :due_date, :priority, :category' at line 1
[2025-03-31 20:41:58] DB Error: SQLSTATE[42000]: Syntax error or access violation: 1064 You have an error in your SQL syntax; check the manual that corresponds to your MySQL server version for the right syntax to use near ':title, :description, :due_date, :priority, :category' at line 1
[2025-03-31 20:42:01] DB Error: SQLSTATE[42000]: Syntax error or access violation: 1064 You have an error in your SQL syntax; check the manual that corresponds to your MySQL server version for the right syntax to use near ':title, :description, :due_date, :priority, :category' at line 1
[2025-03-31 20:42:29] DB Error: SQLSTATE[42000]: Syntax error or access violation: 1064 You have an error in your SQL syntax; check the manual that corresponds to your MySQL server version for the right syntax to use near ':title, :description, :due_date, :priority, :category' at line 1
[2025-03-31 21:18:08] DB Error: SQLSTATE[42000]: Syntax error or access violation: 1064 You have an error in your SQL syntax; check the manual that corresponds to your MySQL server version for the right syntax to use near ':title, :description, :due_date, :priority, :category' at line 1
[2025-03-31 21:18:10] DB Error: SQLSTATE[42000]: Syntax error or access violation: 1064 You have an error in your SQL syntax; check the manual that corresponds to your MySQL server version for the right syntax to use near ':title, :description, :due_date, :priority, :category' at line 1
[2025-03-31 21:18:46] DB Error: SQLSTATE[42000]: Syntax error or access violation: 1064 You have an error in your SQL syntax; check the manual that corresponds to your MySQL server version for the right syntax to use near ':title, :description, :due_date, :priority, :category' at line 1
[2025-03-31 21:19:54] DB Error: SQLSTATE[42000]: Syntax error or access violation: 1064 You have an error in your SQL syntax; check the manual that corresponds to your MySQL server version for the right syntax to use near ':title, :description, :due_date, :priority, :category' at line 1
[2025-03-31 21:19:55] DB Error: SQLSTATE[42000]: Syntax error or access violation: 1064 You have an error in your SQL syntax; check the manual that corresponds to your MySQL server version for the right syntax to use near ':title, :description, :due_date, :priority, :category' at line 1
[2025-03-31 21:19:57] DB Error: SQLSTATE[42000]: Syntax error or access violation: 1064 You have an error in your SQL syntax; check the manual that corresponds to your MySQL server version for the right syntax to use near ':title, :description, :due_date, :priority, :category' at line 1
[2025-03-31 21:20:15] DB Error: SQLSTATE[42000]: Syntax error or access violation: 1064 You have an error in your SQL syntax; check the manual that corresponds to your MySQL server version for the right syntax to use near ':title, :description, :due_date, :priority, :category' at line 1
[2025-03-31 21:20:24] DB Error: SQLSTATE[42000]: Syntax error or access violation: 1064 You have an error in your SQL syntax; check the manual that corresponds to your MySQL server version for the right syntax to use near ':title, :description, :due_date, :priority, :category' at line 1
[2025-03-31 21:20:25] DB Error: SQLSTATE[42000]: Syntax error or access violation: 1064 You have an error in your SQL syntax; check the manual that corresponds to your MySQL server version for the right syntax to use near ':title, :description, :due_date, :priority, :category' at line 1
[2025-03-31 21:21:47] DB Error: SQLSTATE[42000]: Syntax error or access violation: 1064 You have an error in your SQL syntax; check the manual that corresponds to your MySQL server version for the right syntax to use near ':title, :description, :due_date, :priority, :category' at line 1
[2025-03-31 21:22:04] DB Error: SQLSTATE[42000]: Syntax error or access violation: 1064 You have an error in your SQL syntax; check the manual that corresponds to your MySQL server version for the right syntax to use near ':title, :description, :due_date, :priority, :category' at line 1
[2025-03-31 21:22:05] DB Error: SQLSTATE[42000]: Syntax error or access violation: 1064 You have an error in your SQL syntax; check the manual that corresponds to your MySQL server version for the right syntax to use near ':title, :description, :due_date, :priority, :category' at line 1
[2025-03-31 21:23:01] DB Error: SQLSTATE[42000]: Syntax error or access violation: 1064 You have an error in your SQL syntax; check the manual that corresponds to your MySQL server version for the right syntax to use near ':title, :description, :due_date, :priority, :category' at line 1
[2025-03-31 21:23:03] DB Error: SQLSTATE[42000]: Syntax error or access violation: 1064 You have an error in your SQL syntax; check the manual that corresponds to your MySQL server version for the right syntax to use near ':title, :description, :due_date, :priority, :category' at line 1
[2025-03-31 21:23:07] DB Error: SQLSTATE[42000]: Syntax error or access violation: 1064 You have an error in your SQL syntax; check the manual that corresponds to your MySQL server version for the right syntax to use near ':title, :description, :due_date, :priority, :category' at line 1
[2025-03-31 21:27:17] DB Error: SQLSTATE[42000]: Syntax error or access violation: 1064 You have an error in your SQL syntax; check the manual that corresponds to your MySQL server version for the right syntax to use near ':title, :description, :due_date, :priority, :category' at line 1
[2025-03-31 21:27:22] DB Error: SQLSTATE[42000]: Syntax error or access violation: 1064 You have an error in your SQL syntax; check the manual that corresponds to your MySQL server version for the right syntax to use near ':title, :description, :due_date, :priority, :category' at line 1
[2025-03-31 21:28:26] DB Error: SQLSTATE[42000]: Syntax error or access violation: 1064 You have an error in your SQL syntax; check the manual that corresponds to your MySQL server version for the right syntax to use near ':title, :description, :due_date, :priority, :category' at line 1
[2025-03-31 21:28:38] DB Error: SQLSTATE[42000]: Syntax error or access violation: 1064 You have an error in your SQL syntax; check the manual that corresponds to your MySQL server version for the right syntax to use near ':title, :description, :due_date, :priority, :category' at line 1
[2025-03-31 21:28:40] DB Error: SQLSTATE[42000]: Syntax error or access violation: 1064 You have an error in your SQL syntax; check the manual that corresponds to your MySQL server version for the right syntax to use near ':title, :description, :due_date, :priority, :category' at line 1
[2025-03-31 21:28:52] DB Error: SQLSTATE[42000]: Syntax error or access violation: 1064 You have an error in your SQL syntax; check the manual that corresponds to your MySQL server version for the right syntax to use near ':title, :description, :due_date, :priority, :category' at line 1
[2025-03-31 21:31:19] DB Error: SQLSTATE[42000]: Syntax error or access violation: 1064 You have an error in your SQL syntax; check the manual that corresponds to your MySQL server version for the right syntax to use near ':title, :description, :due_date, :priority, :category' at line 1
[2025-03-31 21:31:20] DB Error: SQLSTATE[42000]: Syntax error or access violation: 1064 You have an error in your SQL syntax; check the manual that corresponds to your MySQL server version for the right syntax to use near ':title, :description, :due_date, :priority, :category' at line 1
[2025-03-31 21:32:13] DB Error: SQLSTATE[42000]: Syntax error or access violation: 1064 You have an error in your SQL syntax; check the manual that corresponds to your MySQL server version for the right syntax to use near ':title, :description, :due_date, :priority, :category' at line 1
[2025-03-31 21:32:36] DB Error: SQLSTATE[42000]: Syntax error or access violation: 1064 You have an error in your SQL syntax; check the manual that corresponds to your MySQL server version for the right syntax to use near ':title, :description, :due_date, :priority, :category' at line 1
[2025-03-31 21:32:38] DB Error: SQLSTATE[42000]: Syntax error or access violation: 1064 You have an error in your SQL syntax; check the manual that corresponds to your MySQL server version for the right syntax to use near ':title, :description, :due_date, :priority, :category' at line 1
[2025-03-31 21:33:57] DB Error: SQLSTATE[42000]: Syntax error or access violation: 1064 You have an error in your SQL syntax; check the manual that corresponds to your MySQL server version for the right syntax to use near ':title, :description, :due_date, :priority, :category' at line 1
[2025-03-31 21:34:14] DB Error: SQLSTATE[42000]: Syntax error or access violation: 1064 You have an error in your SQL syntax; check the manual that corresponds to your MySQL server version for the right syntax to use near ':title, :description, :due_date, :priority, :category' at line 1
[2025-03-31 21:36:52] DB Error: SQLSTATE[42000]: Syntax error or access violation: 1064 You have an error in your SQL syntax; check the manual that corresponds to your MySQL server version for the right syntax to use near ':title, :description, :due_date, :priority, :category' at line 1
[2025-03-31 21:39:03] DB Error: SQLSTATE[42000]: Syntax error or access violation: 1064 You have an error in your SQL syntax; check the manual that corresponds to your MySQL server version for the right syntax to use near ':title, :description, :due_date, :priority, :category' at line 1
[2025-03-31 21:39:05] DB Error: SQLSTATE[42000]: Syntax error or access violation: 1064 You have an error in your SQL syntax; check the manual that corresponds to your MySQL server version for the right syntax to use near ':title, :description, :due_date, :priority, :category' at line 1
[2025-03-31 21:39:41] DB Error: SQLSTATE[42000]: Syntax error or access violation: 1064 You have an error in your SQL syntax; check the manual that corresponds to your MySQL server version for the right syntax to use near ':title, :description, :due_date, :priority, :category' at line 1
[2025-03-31 21:39:52] DB Error: SQLSTATE[42000]: Syntax error or access violation: 1064 You have an error in your SQL syntax; check the manual that corresponds to your MySQL server version for the right syntax to use near ':title, :description, :due_date, :priority, :category' at line 1
[2025-03-31 21:40:29] DB Error: SQLSTATE[42000]: Syntax error or access violation: 1064 You have an error in your SQL syntax; check the manual that corresponds to your MySQL server version for the right syntax to use near ':title, :description, :due_date, :priority, :category' at line 1
[2025-03-31 21:40:32] DB Error: SQLSTATE[42000]: Syntax error or access violation: 1064 You have an error in your SQL syntax; check the manual that corresponds to your MySQL server version for the right syntax to use near ':title, :description, :due_date, :priority, :category' at line 1
[2025-03-31 21:40:57] DB Error: SQLSTATE[42000]: Syntax error or access violation: 1064 You have an error in your SQL syntax; check the manual that corresponds to your MySQL server version for the right syntax to use near ':title, :description, :due_date, :priority, :category' at line 1
[2025-03-31 21:42:14] DB Error: SQLSTATE[42000]: Syntax error or access violation: 1064 You have an error in your SQL syntax; check the manual that corresponds to your MySQL server version for the right syntax to use near ':title, :description, :due_date, :priority, :category' at line 1
[2025-03-31 21:42:14] DB Error: SQLSTATE[42000]: Syntax error or access violation: 1064 You have an error in your SQL syntax; check the manual that corresponds to your MySQL server version for the right syntax to use near ':title, :description, :due_date, :priority, :category' at line 1
[2025-03-31 21:44:12] DB Error: SQLSTATE[42000]: Syntax error or access violation: 1064 You have an error in your SQL syntax; check the manual that corresponds to your MySQL server version for the right syntax to use near ':title, :description, :due_date, :priority, :category' at line 1
[2025-03-31 21:44:41] DB Error: SQLSTATE[42000]: Syntax error or access violation: 1064 You have an error in your SQL syntax; check the manual that corresponds to your MySQL server version for the right syntax to use near ':title, :description, :due_date, :priority, :category' at line 1
[2025-03-31 21:44:45] DB Error: SQLSTATE[42000]: Syntax error or access violation: 1064 You have an error in your SQL syntax; check the manual that corresponds to your MySQL server version for the right syntax to use near ':title, :description, :due_date, :priority, :category' at line 1
[2025-03-31 21:46:18] DB Error: SQLSTATE[42000]: Syntax error or access violation: 1064 You have an error in your SQL syntax; check the manual that corresponds to your MySQL server version for the right syntax to use near ':title, :description, :due_date, :priority, :category' at line 1
[2025-03-31 21:46:18] DB Error: SQLSTATE[42000]: Syntax error or access violation: 1064 You have an error in your SQL syntax; check the manual that corresponds to your MySQL server version for the right syntax to use near ':title, :description, :due_date, :priority, :category' at line 1
[2025-03-31 21:46:20] DB Error: SQLSTATE[42000]: Syntax error or access violation: 1064 You have an error in your SQL syntax; check the manual that corresponds to your MySQL server version for the right syntax to use near ':title, :description, :due_date, :priority, :category' at line 1
[2025-03-31 21:49:35] DB Error: SQLSTATE[42000]: Syntax error or access violation: 1064 You have an error in your SQL syntax; check the manual that corresponds to your MySQL server version for the right syntax to use near ':title, :description, :due_date, :priority, :category' at line 1
[2025-03-31 21:49:37] DB Error: SQLSTATE[42000]: Syntax error or access violation: 1064 You have an error in your SQL syntax; check the manual that corresponds to your MySQL server version for the right syntax to use near ':title, :description, :due_date, :priority, :category' at line 1
[2025-03-31 21:50:35] DB Error: SQLSTATE[42000]: Syntax error or access violation: 1064 You have an error in your SQL syntax; check the manual that corresponds to your MySQL server version for the right syntax to use near ':title, :description, :due_date, :priority, :category' at line 1
[2025-03-31 21:50:37] DB Error: SQLSTATE[42000]: Syntax error or access violation: 1064 You have an error in your SQL syntax; check the manual that corresponds to your MySQL server version for the right syntax to use near ':title, :description, :due_date, :priority, :category' at line 1
[2025-03-31 21:50:44] DB Error: SQLSTATE[42000]: Syntax error or access violation: 1064 You have an error in your SQL syntax; check the manual that corresponds to your MySQL server version for the right syntax to use near ':title, :description, :due_date, :priority, :category' at line 1
[2025-03-31 21:51:40] DB Error: SQLSTATE[42000]: Syntax error or access violation: 1064 You have an error in your SQL syntax; check the manual that corresponds to your MySQL server version for the right syntax to use near ':title, :description, :due_date, :priority, :category' at line 1
[2025-03-31 21:53:33] DB Error: SQLSTATE[42000]: Syntax error or access violation: 1064 You have an error in your SQL syntax; check the manual that corresponds to your MySQL server version for the right syntax to use near ':title, :description, :due_date, :priority, :category' at line 1
[2025-03-31 21:53:34] DB Error: SQLSTATE[42000]: Syntax error or access violation: 1064 You have an error in your SQL syntax; check the manual that corresponds to your MySQL server version for the right syntax to use near ':title, :description, :due_date, :priority, :category' at line 1
[2025-03-31 21:53:37] DB Error: SQLSTATE[42000]: Syntax error or access violation: 1064 You have an error in your SQL syntax; check the manual that corresponds to your MySQL server version for the right syntax to use near ':title, :description, :due_date, :priority, :category' at line 1
[2025-03-31 21:54:51] DB Error: SQLSTATE[42000]: Syntax error or access violation: 1064 You have an error in your SQL syntax; check the manual that corresponds to your MySQL server version for the right syntax to use near ':title, :description, :due_date, :priority, :category' at line 1
[2025-03-31 21:56:22] DB Error: SQLSTATE[42000]: Syntax error or access violation: 1064 You have an error in your SQL syntax; check the manual that corresponds to your MySQL server version for the right syntax to use near ':title, :description, :due_date, :priority, :category' at line 1
[2025-03-31 21:56:33] DB Error: SQLSTATE[42000]: Syntax error or access violation: 1064 You have an error in your SQL syntax; check the manual that corresponds to your MySQL server version for the right syntax to use near ':title, :description, :due_date, :priority, :category' at line 1
[2025-03-31 21:56:42] DB Error: SQLSTATE[42000]: Syntax error or access violation: 1064 You have an error in your SQL syntax; check the manual that corresponds to your MySQL server version for the right syntax to use near ':title, :description, :due_date, :priority, :category' at line 1
[2025-03-31 22:01:11] DB Error: SQLSTATE[42000]: Syntax error or access violation: 1064 You have an error in your SQL syntax; check the manual that corresponds to your MySQL server version for the right syntax to use near ':title, :description, :due_date, :priority, :category' at line 1
[2025-03-31 22:01:12] DB Error: SQLSTATE[42000]: Syntax error or access violation: 1064 You have an error in your SQL syntax; check the manual that corresponds to your MySQL server version for the right syntax to use near ':title, :description, :due_date, :priority, :category' at line 1
[2025-03-31 22:01:12] DB Error: SQLSTATE[42000]: Syntax error or access violation: 1064 You have an error in your SQL syntax; check the manual that corresponds to your MySQL server version for the right syntax to use near ':title, :description, :due_date, :priority, :category' at line 1
[2025-03-31 22:03:55] DB Error: SQLSTATE[42000]: Syntax error or access violation: 1064 You have an error in your SQL syntax; check the manual that corresponds to your MySQL server version for the right syntax to use near ':title, :description, :due_date, :priority, :category' at line 1
[2025-03-31 22:06:20] DB Error: SQLSTATE[42000]: Syntax error or access violation: 1064 You have an error in your SQL syntax; check the manual that corresponds to your MySQL server version for the right syntax to use near ':title, :description, :due_date, :priority, :category' at line 1
[2025-03-31 22:06:23] DB Error: SQLSTATE[42000]: Syntax error or access violation: 1064 You have an error in your SQL syntax; check the manual that corresponds to your MySQL server version for the right syntax to use near ':title, :description, :due_date, :priority, :category' at line 1
[2025-03-31 22:06:44] DB Error: SQLSTATE[42000]: Syntax error or access violation: 1064 You have an error in your SQL syntax; check the manual that corresponds to your MySQL server version for the right syntax to use near ':title, :description, :due_date, :priority, :category' at line 1
[2025-03-31 22:06:50] DB Error: SQLSTATE[42000]: Syntax error or access violation: 1064 You have an error in your SQL syntax; check the manual that corresponds to your MySQL server version for the right syntax to use near ':title, :description, :due_date, :priority, :category' at line 1
[2025-03-31 22:06:53] DB Error: SQLSTATE[42000]: Syntax error or access violation: 1064 You have an error in your SQL syntax; check the manual that corresponds to your MySQL server version for the right syntax to use near ':title, :description, :due_date, :priority, :category' at line 1
[2025-03-31 22:08:07] DB Error: SQLSTATE[42000]: Syntax error or access violation: 1064 You have an error in your SQL syntax; check the manual that corresponds to your MySQL server version for the right syntax to use near ':title, :description, :due_date, :priority, :category' at line 1
[2025-03-31 22:08:18] DB Error: SQLSTATE[42000]: Syntax error or access violation: 1064 You have an error in your SQL syntax; check the manual that corresponds to your MySQL server version for the right syntax to use near ':title, :description, :due_date, :priority, :category' at line 1
[2025-03-31 22:08:25] DB Error: SQLSTATE[42000]: Syntax error or access violation: 1064 You have an error in your SQL syntax; check the manual that corresponds to your MySQL server version for the right syntax to use near ':title, :description, :due_date, :priority, :category' at line 1
[2025-03-31 22:09:34] DB Error: SQLSTATE[42000]: Syntax error or access violation: 1064 You have an error in your SQL syntax; check the manual that corresponds to your MySQL server version for the right syntax to use near ':title, :description, :due_date, :priority, :category' at line 1
[2025-03-31 22:09:50] DB Error: SQLSTATE[42000]: Syntax error or access violation: 1064 You have an error in your SQL syntax; check the manual that corresponds to your MySQL server version for the right syntax to use near ':title, :description, :due_date, :priority, :category' at line 1
[2025-03-31 22:13:14] DB Error: SQLSTATE[42000]: Syntax error or access violation: 1064 You have an error in your SQL syntax; check the manual that corresponds to your MySQL server version for the right syntax to use near ':title, :description, :due_date, :priority, :category' at line 1
[2025-03-31 22:13:26] DB Error: SQLSTATE[42000]: Syntax error or access violation: 1064 You have an error in your SQL syntax; check the manual that corresponds to your MySQL server version for the right syntax to use near ':title, :description, :due_date, :priority, :category' at line 1
[2025-03-31 22:14:02] DB Error: SQLSTATE[42000]: Syntax error or access violation: 1064 You have an error in your SQL syntax; check the manual that corresponds to your MySQL server version for the right syntax to use near ':title, :description, :due_date, :priority, :category' at line 1
[2025-03-31 22:14:04] DB Error: SQLSTATE[42000]: Syntax error or access violation: 1064 You have an error in your SQL syntax; check the manual that corresponds to your MySQL server version for the right syntax to use near ':title, :description, :due_date, :priority, :category' at line 1
[2025-03-31 22:14:27] DB Error: SQLSTATE[42000]: Syntax error or access violation: 1064 You have an error in your SQL syntax; check the manual that corresponds to your MySQL server version for the right syntax to use near ':title, :description, :due_date, :priority, :category' at line 1
[2025-03-31 22:14:28] DB Error: SQLSTATE[42000]: Syntax error or access violation: 1064 You have an error in your SQL syntax; check the manual that corresponds to your MySQL server version for the right syntax to use near ':title, :description, :due_date, :priority, :category' at line 1
[2025-03-31 22:16:58] DB Error: SQLSTATE[42000]: Syntax error or access violation: 1064 You have an error in your SQL syntax; check the manual that corresponds to your MySQL server version for the right syntax to use near ':title, :description, :due_date, :priority, :category' at line 1
[2025-03-31 22:17:02] DB Error: SQLSTATE[42000]: Syntax error or access violation: 1064 You have an error in your SQL syntax; check the manual that corresponds to your MySQL server version for the right syntax to use near ':title, :description, :due_date, :priority, :category' at line 1
[2025-03-31 22:17:22] DB Error: SQLSTATE[42000]: Syntax error or access violation: 1064 You have an error in your SQL syntax; check the manual that corresponds to your MySQL server version for the right syntax to use near ':title, :description, :due_date, :priority, :category' at line 1
[2025-03-31 22:17:30] DB Error: SQLSTATE[42000]: Syntax error or access violation: 1064 You have an error in your SQL syntax; check the manual that corresponds to your MySQL server version for the right syntax to use near ':title, :description, :due_date, :priority, :category' at line 1
[2025-03-31 22:17:44] DB Error: SQLSTATE[42000]: Syntax error or access violation: 1064 You have an error in your SQL syntax; check the manual that corresponds to your MySQL server version for the right syntax to use near ':title, :description, :due_date, :priority, :category' at line 1
[2025-03-31 22:17:51] DB Error: SQLSTATE[42000]: Syntax error or access violation: 1064 You have an error in your SQL syntax; check the manual that corresponds to your MySQL server version for the right syntax to use near ':title, :description, :due_date, :priority, :category' at line 1
[2025-03-31 22:18:17] DB Error: SQLSTATE[42000]: Syntax error or access violation: 1064 You have an error in your SQL syntax; check the manual that corresponds to your MySQL server version for the right syntax to use near ':title, :description, :due_date, :priority, :category' at line 1
[2025-03-31 22:21:51] DB Error: SQLSTATE[42000]: Syntax error or access violation: 1064 You have an error in your SQL syntax; check the manual that corresponds to your MySQL server version for the right syntax to use near ':title, :description, :due_date, :priority, :category' at line 1
[2025-03-31 22:21:54] DB Error: SQLSTATE[42000]: Syntax error or access violation: 1064 You have an error in your SQL syntax; check the manual that corresponds to your MySQL server version for the right syntax to use near ':title, :description, :due_date, :priority, :category' at line 1
[2025-03-31 22:22:16] DB Error: SQLSTATE[42000]: Syntax error or access violation: 1064 You have an error in your SQL syntax; check the manual that corresponds to your MySQL server version for the right syntax to use near ':title, :description, :due_date, :priority, :category' at line 1
[2025-03-31 22:22:22] DB Error: SQLSTATE[42000]: Syntax error or access violation: 1064 You have an error in your SQL syntax; check the manual that corresponds to your MySQL server version for the right syntax to use near ':title, :description, :due_date, :priority, :category' at line 1
[2025-03-31 22:22:28] DB Error: SQLSTATE[42000]: Syntax error or access violation: 1064 You have an error in your SQL syntax; check the manual that corresponds to your MySQL server version for the right syntax to use near ':title, :description, :due_date, :priority, :category' at line 1
[2025-03-31 22:22:42] DB Error: SQLSTATE[42000]: Syntax error or access violation: 1064 You have an error in your SQL syntax; check the manual that corresponds to your MySQL server version for the right syntax to use near ':title, :description, :due_date, :priority, :category' at line 1
[2025-03-31 22:22:47] DB Error: SQLSTATE[42000]: Syntax error or access violation: 1064 You have an error in your SQL syntax; check the manual that corresponds to your MySQL server version for the right syntax to use near ':title, :description, :due_date, :priority, :category' at line 1
[2025-03-31 22:23:58] DB Error: SQLSTATE[42000]: Syntax error or access violation: 1064 You have an error in your SQL syntax; check the manual that corresponds to your MySQL server version for the right syntax to use near ':title, :description, :due_date, :priority, :category' at line 1
[2025-03-31 22:24:03] DB Error: SQLSTATE[42000]: Syntax error or access violation: 1064 You have an error in your SQL syntax; check the manual that corresponds to your MySQL server version for the right syntax to use near ':title, :description, :due_date, :priority, :category' at line 1
[2025-03-31 22:24:08] DB Error: SQLSTATE[42000]: Syntax error or access violation: 1064 You have an error in your SQL syntax; check the manual that corresponds to your MySQL server version for the right syntax to use near ':title, :description, :due_date, :priority, :category' at line 1
[2025-03-31 22:24:11] DB Error: SQLSTATE[42000]: Syntax error or access violation: 1064 You have an error in your SQL syntax; check the manual that corresponds to your MySQL server version for the right syntax to use near ':title, :description, :due_date, :priority, :category' at line 1
[2025-03-31 22:26:10] DB Error: SQLSTATE[42000]: Syntax error or access violation: 1064 You have an error in your SQL syntax; check the manual that corresponds to your MySQL server version for the right syntax to use near ':title, :description, :due_date, :priority, :category' at line 1
[2025-03-31 22:26:11] DB Error: SQLSTATE[42000]: Syntax error or access violation: 1064 You have an error in your SQL syntax; check the manual that corresponds to your MySQL server version for the right syntax to use near ':title, :description, :due_date, :priority, :category' at line 1
[2025-03-31 22:26:53] DB Error: SQLSTATE[42000]: Syntax error or access violation: 1064 You have an error in your SQL syntax; check the manual that corresponds to your MySQL server version for the right syntax to use near ':title, :description, :due_date, :priority, :category' at line 1
[2025-03-31 22:26:55] DB Error: SQLSTATE[42000]: Syntax error or access violation: 1064 You have an error in your SQL syntax; check the manual that corresponds to your MySQL server version for the right syntax to use near ':title, :description, :due_date, :priority, :category' at line 1
[2025-03-31 22:26:57] DB Error: SQLSTATE[42000]: Syntax error or access violation: 1064 You have an error in your SQL syntax; check the manual that corresponds to your MySQL server version for the right syntax to use near ':title, :description, :due_date, :priority, :category' at line 1
[2025-03-31 22:27:32] DB Error: SQLSTATE[42000]: Syntax error or access violation: 1064 You have an error in your SQL syntax; check the manual that corresponds to your MySQL server version for the right syntax to use near ':title, :description, :due_date, :priority, :category' at line 1
[2025-03-31 22:27:34] DB Error: SQLSTATE[42000]: Syntax error or access violation: 1064 You have an error in your SQL syntax; check the manual that corresponds to your MySQL server version for the right syntax to use near ':title, :description, :due_date, :priority, :category' at line 1
[2025-03-31 22:29:38] DB Error: SQLSTATE[42000]: Syntax error or access violation: 1064 You have an error in your SQL syntax; check the manual that corresponds to your MySQL server version for the right syntax to use near ':title, :description, :due_date, :priority, :category' at line 1
[2025-03-31 22:29:44] DB Error: SQLSTATE[42000]: Syntax error or access violation: 1064 You have an error in your SQL syntax; check the manual that corresponds to your MySQL server version for the right syntax to use near ':title, :description, :due_date, :priority, :category' at line 1
[2025-03-31 22:29:52] DB Error: SQLSTATE[42000]: Syntax error or access violation: 1064 You have an error in your SQL syntax; check the manual that corresponds to your MySQL server version for the right syntax to use near ':title, :description, :due_date, :priority, :category' at line 1
[2025-03-31 22:30:08] DB Error: SQLSTATE[42000]: Syntax error or access violation: 1064 You have an error in your SQL syntax; check the manual that corresponds to your MySQL server version for the right syntax to use near ':title, :description, :due_date, :priority, :category' at line 1
[2025-03-31 22:32:09] DB Error: SQLSTATE[42000]: Syntax error or access violation: 1064 You have an error in your SQL syntax; check the manual that corresponds to your MySQL server version for the right syntax to use near ':title, :description, :due_date, :priority, :category' at line 1
[2025-03-31 22:32:13] DB Error: SQLSTATE[42000]: Syntax error or access violation: 1064 You have an error in your SQL syntax; check the manual that corresponds to your MySQL server version for the right syntax to use near ':title, :description, :due_date, :priority, :category' at line 1
[2025-03-31 22:32:20] DB Error: SQLSTATE[42000]: Syntax error or access violation: 1064 You have an error in your SQL syntax; check the manual that corresponds to your MySQL server version for the right syntax to use near ':title, :description, :due_date, :priority, :category' at line 1
[2025-03-31 22:32:27] DB Error: SQLSTATE[42000]: Syntax error or access violation: 1064 You have an error in your SQL syntax; check the manual that corresponds to your MySQL server version for the right syntax to use near ':title, :description, :due_date, :priority, :category' at line 1
[2025-03-31 22:32:48] DB Error: SQLSTATE[42000]: Syntax error or access violation: 1064 You have an error in your SQL syntax; check the manual that corresponds to your MySQL server version for the right syntax to use near ':title, :description, :due_date, :priority, :category' at line 1
[2025-03-31 22:37:55] DB Error: SQLSTATE[42000]: Syntax error or access violation: 1064 You have an error in your SQL syntax; check the manual that corresponds to your MySQL server version for the right syntax to use near ':title, :description, :due_date, :priority, :category' at line 1
[2025-03-31 22:38:29] DB Error: SQLSTATE[42000]: Syntax error or access violation: 1064 You have an error in your SQL syntax; check the manual that corresponds to your MySQL server version for the right syntax to use near ':title, :description, :due_date, :priority, :category' at line 1
[2025-03-31 22:38:29] DB Error: SQLSTATE[42000]: Syntax error or access violation: 1064 You have an error in your SQL syntax; check the manual that corresponds to your MySQL server version for the right syntax to use near ':title, :description, :due_date, :priority, :category' at line 1
[2025-03-31 22:38:30] DB Error: SQLSTATE[42000]: Syntax error or access violation: 1064 You have an error in your SQL syntax; check the manual that corresponds to your MySQL server version for the right syntax to use near ':title, :description, :due_date, :priority, :category' at line 1
[2025-03-31 22:38:34] DB Error: SQLSTATE[42000]: Syntax error or access violation: 1064 You have an error in your SQL syntax; check the manual that corresponds to your MySQL server version for the right syntax to use near ':title, :description, :due_date, :priority, :category' at line 1
[2025-03-31 22:38:40] DB Error: SQLSTATE[42000]: Syntax error or access violation: 1064 You have an error in your SQL syntax; check the manual that corresponds to your MySQL server version for the right syntax to use near ':title, :description, :due_date, :priority, :category' at line 1
[2025-03-31 22:39:13] DB Error: SQLSTATE[42000]: Syntax error or access violation: 1064 You have an error in your SQL syntax; check the manual that corresponds to your MySQL server version for the right syntax to use near ':title, :description, :due_date, :priority, :category' at line 1
[2025-03-31 22:39:47] DB Error: SQLSTATE[42000]: Syntax error or access violation: 1064 You have an error in your SQL syntax; check the manual that corresponds to your MySQL server version for the right syntax to use near ':title, :description, :due_date, :priority, :category' at line 1
[2025-03-31 22:39:54] DB Error: SQLSTATE[42000]: Syntax error or access violation: 1064 You have an error in your SQL syntax; check the manual that corresponds to your MySQL server version for the right syntax to use near ':title, :description, :due_date, :priority, :category' at line 1
[2025-03-31 22:39:55] DB Error: SQLSTATE[42000]: Syntax error or access violation: 1064 You have an error in your SQL syntax; check the manual that corresponds to your MySQL server version for the right syntax to use near ':title, :description, :due_date, :priority, :category' at line 1
[2025-03-31 22:39:57] DB Error: SQLSTATE[42000]: Syntax error or access violation: 1064 You have an error in your SQL syntax; check the manual that corresponds to your MySQL server version for the right syntax to use near ':title, :description, :due_date, :priority, :category' at line 1
[2025-03-31 22:40:46] DB Error: SQLSTATE[42000]: Syntax error or access violation: 1064 You have an error in your SQL syntax; check the manual that corresponds to your MySQL server version for the right syntax to use near ':title, :description, :due_date, :priority, :category' at line 1
[2025-03-31 22:40:51] DB Error: SQLSTATE[42000]: Syntax error or access violation: 1064 You have an error in your SQL syntax; check the manual that corresponds to your MySQL server version for the right syntax to use near ':title, :description, :due_date, :priority, :category' at line 1
[2025-03-31 22:45:25] DB Error: SQLSTATE[42000]: Syntax error or access violation: 1064 You have an error in your SQL syntax; check the manual that corresponds to your MySQL server version for the right syntax to use near ':title, :description, :due_date, :priority, :category' at line 1
[2025-03-31 22:45:31] DB Error: SQLSTATE[42000]: Syntax error or access violation: 1064 You have an error in your SQL syntax; check the manual that corresponds to your MySQL server version for the right syntax to use near ':title, :description, :due_date, :priority, :category' at line 1
[2025-03-31 22:45:37] DB Error: SQLSTATE[42000]: Syntax error or access violation: 1064 You have an error in your SQL syntax; check the manual that corresponds to your MySQL server version for the right syntax to use near ':title, :description, :due_date, :priority, :category' at line 1
[2025-03-31 22:46:02] DB Error: SQLSTATE[42000]: Syntax error or access violation: 1064 You have an error in your SQL syntax; check the manual that corresponds to your MySQL server version for the right syntax to use near ':title, :description, :due_date, :priority, :category' at line 1
[2025-03-31 22:46:05] DB Error: SQLSTATE[42000]: Syntax error or access violation: 1064 You have an error in your SQL syntax; check the manual that corresponds to your MySQL server version for the right syntax to use near ':title, :description, :due_date, :priority, :category' at line 1
[2025-03-31 22:47:00] DB Error: SQLSTATE[42000]: Syntax error or access violation: 1064 You have an error in your SQL syntax; check the manual that corresponds to your MySQL server version for the right syntax to use near ':title, :description, :due_date, :priority, :category' at line 1
[2025-03-31 22:49:54] DB Error: SQLSTATE[42000]: Syntax error or access violation: 1064 You have an error in your SQL syntax; check the manual that corresponds to your MySQL server version for the right syntax to use near ':title, :description, :due_date, :priority, :category' at line 1
[2025-03-31 22:50:21] DB Error: SQLSTATE[42000]: Syntax error or access violation: 1064 You have an error in your SQL syntax; check the manual that corresponds to your MySQL server version for the right syntax to use near ':title, :description, :due_date, :priority, :category' at line 1
[2025-03-31 22:52:20] DB Error: SQLSTATE[42000]: Syntax error or access violation: 1064 You have an error in your SQL syntax; check the manual that corresponds to your MySQL server version for the right syntax to use near ':title, :description, :due_date, :priority, :category' at line 1
[2025-04-01 17:25:04] DB Error: SQLSTATE[42000]: Syntax error or access violation: 1064 You have an error in your SQL syntax; check the manual that corresponds to your MySQL server version for the right syntax to use near ':title, :description, :due_date, :priority, :category' at line 1
[2025-04-01 17:25:44] DB Error: SQLSTATE[42000]: Syntax error or access violation: 1064 You have an error in your SQL syntax; check the manual that corresponds to your MySQL server version for the right syntax to use near ':title, :description, :due_date, :priority, :category' at line 1
[2025-04-01 17:26:03] DB Error: SQLSTATE[42000]: Syntax error or access violation: 1064 You have an error in your SQL syntax; check the manual that corresponds to your MySQL server version for the right syntax to use near ':title, :description, :due_date, :priority, :category' at line 1
[2025-04-01 17:26:07] DB Error: SQLSTATE[42000]: Syntax error or access violation: 1064 You have an error in your SQL syntax; check the manual that corresponds to your MySQL server version for the right syntax to use near ':title, :description, :due_date, :priority, :category' at line 1
[2025-04-01 17:26:09] DB Error: SQLSTATE[42000]: Syntax error or access violation: 1064 You have an error in your SQL syntax; check the manual that corresponds to your MySQL server version for the right syntax to use near ':title, :description, :due_date, :priority, :category' at line 1
[2025-04-01 17:26:10] DB Error: SQLSTATE[42000]: Syntax error or access violation: 1064 You have an error in your SQL syntax; check the manual that corresponds to your MySQL server version for the right syntax to use near ':title, :description, :due_date, :priority, :category' at line 1
[2025-04-01 17:26:40] DB Error: SQLSTATE[42000]: Syntax error or access violation: 1064 You have an error in your SQL syntax; check the manual that corresponds to your MySQL server version for the right syntax to use near ':title, :description, :due_date, :priority, :category' at line 1
[2025-04-01 17:26:42] DB Error: SQLSTATE[42000]: Syntax error or access violation: 1064 You have an error in your SQL syntax; check the manual that corresponds to your MySQL server version for the right syntax to use near ':title, :description, :due_date, :priority, :category' at line 1
[2025-04-01 17:26:51] DB Error: SQLSTATE[42000]: Syntax error or access violation: 1064 You have an error in your SQL syntax; check the manual that corresponds to your MySQL server version for the right syntax to use near ':title, :description, :due_date, :priority, :category' at line 1
[2025-04-01 17:27:31] DB Error: SQLSTATE[42000]: Syntax error or access violation: 1064 You have an error in your SQL syntax; check the manual that corresponds to your MySQL server version for the right syntax to use near ':title, :description, :due_date, :priority, :category' at line 1
[2025-04-01 17:27:31] DB Error: SQLSTATE[42000]: Syntax error or access violation: 1064 You have an error in your SQL syntax; check the manual that corresponds to your MySQL server version for the right syntax to use near ':title, :description, :due_date, :priority, :category' at line 1
[2025-04-01 17:29:18] DB Error: SQLSTATE[42000]: Syntax error or access violation: 1064 You have an error in your SQL syntax; check the manual that corresponds to your MySQL server version for the right syntax to use near ':title, :description, :due_date, :priority, :category' at line 1
[2025-04-01 17:29:21] DB Error: SQLSTATE[42000]: Syntax error or access violation: 1064 You have an error in your SQL syntax; check the manual that corresponds to your MySQL server version for the right syntax to use near ':title, :description, :due_date, :priority, :category' at line 1
[2025-04-01 17:29:26] DB Error: SQLSTATE[42000]: Syntax error or access violation: 1064 You have an error in your SQL syntax; check the manual that corresponds to your MySQL server version for the right syntax to use near ':title, :description, :due_date, :priority, :category' at line 1
[2025-04-01 17:30:56] DB Error: SQLSTATE[42000]: Syntax error or access violation: 1064 You have an error in your SQL syntax; check the manual that corresponds to your MySQL server version for the right syntax to use near ':title, :description, :due_date, :priority, :category' at line 1
[2025-04-01 17:31:12] DB Error: SQLSTATE[42000]: Syntax error or access violation: 1064 You have an error in your SQL syntax; check the manual that corresponds to your MySQL server version for the right syntax to use near ':title, :description, :due_date, :priority, :category' at line 1
[2025-04-01 17:31:32] DB Error: SQLSTATE[42000]: Syntax error or access violation: 1064 You have an error in your SQL syntax; check the manual that corresponds to your MySQL server version for the right syntax to use near ':title, :description, :due_date, :priority, :category' at line 1
[2025-04-01 17:31:45] DB Error: SQLSTATE[42000]: Syntax error or access violation: 1064 You have an error in your SQL syntax; check the manual that corresponds to your MySQL server version for the right syntax to use near ':title, :description, :due_date, :priority, :category' at line 1
[2025-04-01 17:32:00] DB Error: SQLSTATE[42000]: Syntax error or access violation: 1064 You have an error in your SQL syntax; check the manual that corresponds to your MySQL server version for the right syntax to use near ':title, :description, :due_date, :priority, :category' at line 1
[2025-04-01 17:35:21] DB Error: SQLSTATE[42000]: Syntax error or access violation: 1064 You have an error in your SQL syntax; check the manual that corresponds to your MySQL server version for the right syntax to use near ':title, :description, :due_date, :priority, :category' at line 1
[2025-04-01 17:35:27] DB Error: SQLSTATE[42000]: Syntax error or access violation: 1064 You have an error in your SQL syntax; check the manual that corresponds to your MySQL server version for the right syntax to use near ':title, :description, :due_date, :priority, :category' at line 1
[2025-04-01 17:36:52] DB Error: SQLSTATE[42000]: Syntax error or access violation: 1064 You have an error in your SQL syntax; check the manual that corresponds to your MySQL server version for the right syntax to use near ':title, :description, :due_date, :priority, :category' at line 1
[2025-04-01 17:36:54] DB Error: SQLSTATE[42000]: Syntax error or access violation: 1064 You have an error in your SQL syntax; check the manual that corresponds to your MySQL server version for the right syntax to use near ':title, :description, :due_date, :priority, :category' at line 1
[2025-04-01 17:36:55] DB Error: SQLSTATE[42000]: Syntax error or access violation: 1064 You have an error in your SQL syntax; check the manual that corresponds to your MySQL server version for the right syntax to use near ':title, :description, :due_date, :priority, :category' at line 1
[2025-04-01 17:36:58] DB Error: SQLSTATE[42000]: Syntax error or access violation: 1064 You have an error in your SQL syntax; check the manual that corresponds to your MySQL server version for the right syntax to use near ':title, :description, :due_date, :priority, :category' at line 1
[2025-04-01 17:37:04] DB Error: SQLSTATE[42000]: Syntax error or access violation: 1064 You have an error in your SQL syntax; check the manual that corresponds to your MySQL server version for the right syntax to use near ':title, :description, :due_date, :priority, :category' at line 1
[2025-04-01 17:37:47] DB Error: SQLSTATE[42000]: Syntax error or access violation: 1064 You have an error in your SQL syntax; check the manual that corresponds to your MySQL server version for the right syntax to use near ':title, :description, :due_date, :priority, :category' at line 1
[2025-04-01 17:49:15] DB Error: SQLSTATE[42000]: Syntax error or access violation: 1064 You have an error in your SQL syntax; check the manual that corresponds to your MySQL server version for the right syntax to use near ':title, :description, :due_date, :priority, :category' at line 1
[2025-04-01 17:49:31] DB Error: SQLSTATE[42000]: Syntax error or access violation: 1064 You have an error in your SQL syntax; check the manual that corresponds to your MySQL server version for the right syntax to use near ':title, :description, :due_date, :priority, :category' at line 1
[2025-04-01 17:50:31] DB Error: SQLSTATE[42000]: Syntax error or access violation: 1064 You have an error in your SQL syntax; check the manual that corresponds to your MySQL server version for the right syntax to use near ':title, :description, :due_date, :priority, :category' at line 1
[2025-04-01 17:50:32] DB Error: SQLSTATE[42000]: Syntax error or access violation: 1064 You have an error in your SQL syntax; check the manual that corresponds to your MySQL server version for the right syntax to use near ':title, :description, :due_date, :priority, :category' at line 1
[2025-04-01 17:50:36] DB Error: SQLSTATE[42000]: Syntax error or access violation: 1064 You have an error in your SQL syntax; check the manual that corresponds to your MySQL server version for the right syntax to use near ':title, :description, :due_date, :priority, :category' at line 1
[2025-04-01 17:51:19] DB Error: SQLSTATE[42000]: Syntax error or access violation: 1064 You have an error in your SQL syntax; check the manual that corresponds to your MySQL server version for the right syntax to use near ':title, :description, :due_date, :priority, :category' at line 1
[2025-04-01 17:52:26] DB Error: SQLSTATE[42000]: Syntax error or access violation: 1064 You have an error in your SQL syntax; check the manual that corresponds to your MySQL server version for the right syntax to use near ':title, :description, :due_date, :priority, :category' at line 1
[2025-04-01 17:52:29] DB Error: SQLSTATE[42000]: Syntax error or access violation: 1064 You have an error in your SQL syntax; check the manual that corresponds to your MySQL server version for the right syntax to use near ':title, :description, :due_date, :priority, :category' at line 1
[2025-04-01 17:53:44] DB Error: SQLSTATE[42000]: Syntax error or access violation: 1064 You have an error in your SQL syntax; check the manual that corresponds to your MySQL server version for the right syntax to use near ':title, :description, :due_date, :priority, :category' at line 1
[2025-04-01 17:56:29] DB Error: SQLSTATE[42000]: Syntax error or access violation: 1064 You have an error in your SQL syntax; check the manual that corresponds to your MySQL server version for the right syntax to use near ':title, :description, :due_date, :priority, :category' at line 1
[2025-04-01 17:56:39] DB Error: SQLSTATE[42000]: Syntax error or access violation: 1064 You have an error in your SQL syntax; check the manual that corresponds to your MySQL server version for the right syntax to use near ':title, :description, :due_date, :priority, :category' at line 1
[2025-04-01 17:57:09] DB Error: SQLSTATE[42000]: Syntax error or access violation: 1064 You have an error in your SQL syntax; check the manual that corresponds to your MySQL server version for the right syntax to use near ':title, :description, :due_date, :priority, :category' at line 1
[2025-04-01 17:57:28] DB Error: SQLSTATE[42000]: Syntax error or access violation: 1064 You have an error in your SQL syntax; check the manual that corresponds to your MySQL server version for the right syntax to use near ':title, :description, :due_date, :priority, :category' at line 1
[2025-04-01 17:57:29] DB Error: SQLSTATE[42000]: Syntax error or access violation: 1064 You have an error in your SQL syntax; check the manual that corresponds to your MySQL server version for the right syntax to use near ':title, :description, :due_date, :priority, :category' at line 1
[2025-04-01 17:57:30] DB Error: SQLSTATE[42000]: Syntax error or access violation: 1064 You have an error in your SQL syntax; check the manual that corresponds to your MySQL server version for the right syntax to use near ':title, :description, :due_date, :priority, :category' at line 1
[2025-04-01 17:58:19] DB Error: SQLSTATE[42000]: Syntax error or access violation: 1064 You have an error in your SQL syntax; check the manual that corresponds to your MySQL server version for the right syntax to use near ':title, :description, :due_date, :priority, :category' at line 1
[2025-04-01 18:01:36] DB Error: SQLSTATE[42000]: Syntax error or access violation: 1064 You have an error in your SQL syntax; check the manual that corresponds to your MySQL server version for the right syntax to use near ':title, :description, :due_date, :priority, :category' at line 1
[2025-04-01 18:02:30] DB Error: SQLSTATE[42000]: Syntax error or access violation: 1064 You have an error in your SQL syntax; check the manual that corresponds to your MySQL server version for the right syntax to use near ':title, :description, :due_date, :priority, :category' at line 1
[2025-04-01 18:02:31] DB Error: SQLSTATE[42000]: Syntax error or access violation: 1064 You have an error in your SQL syntax; check the manual that corresponds to your MySQL server version for the right syntax to use near ':title, :description, :due_date, :priority, :category' at line 1
[2025-04-01 18:04:17] DB Error: SQLSTATE[42000]: Syntax error or access violation: 1064 You have an error in your SQL syntax; check the manual that corresponds to your MySQL server version for the right syntax to use near ':title, :description, :due_date, :priority, :category' at line 1
[2025-04-01 18:04:24] DB Error: SQLSTATE[42000]: Syntax error or access violation: 1064 You have an error in your SQL syntax; check the manual that corresponds to your MySQL server version for the right syntax to use near ':title, :description, :due_date, :priority, :category' at line 1
[2025-04-01 18:04:24] DB Error: SQLSTATE[42000]: Syntax error or access violation: 1064 You have an error in your SQL syntax; check the manual that corresponds to your MySQL server version for the right syntax to use near ':title, :description, :due_date, :priority, :category' at line 1
[2025-04-01 18:04:25] DB Error: SQLSTATE[42000]: Syntax error or access violation: 1064 You have an error in your SQL syntax; check the manual that corresponds to your MySQL server version for the right syntax to use near ':title, :description, :due_date, :priority, :category' at line 1
[2025-04-01 18:06:43] DB Error: SQLSTATE[42000]: Syntax error or access violation: 1064 You have an error in your SQL syntax; check the manual that corresponds to your MySQL server version for the right syntax to use near ':title, :description, :due_date, :priority, :category' at line 1
[2025-04-01 18:07:49] DB Error: SQLSTATE[42000]: Syntax error or access violation: 1064 You have an error in your SQL syntax; check the manual that corresponds to your MySQL server version for the right syntax to use near ':title, :description, :due_date, :priority, :category' at line 1
[2025-04-01 20:24:59] DB Error: SQLSTATE[42000]: Syntax error or access violation: 1064 You have an error in your SQL syntax; check the manual that corresponds to your MySQL server version for the right syntax to use near '' at line 1
[2025-04-01 22:17:32] DB Error: SQLSTATE[42000]: Syntax error or access violation: 1064 You have an error in your SQL syntax; check the manual that corresponds to your MySQL server version for the right syntax to use near '' at line 1
[2025-04-01 22:47:11] DB Error: SQLSTATE[42000]: Syntax error or access violation: 1064 You have an error in your SQL syntax; check the manual that corresponds to your MySQL server version for the right syntax to use near '' at line 1
[2025-04-01 23:33:28] DB Error: SQLSTATE[42000]: Syntax error or access violation: 1064 You have an error in your SQL syntax; check the manual that corresponds to your MySQL server version for the right syntax to use near '' at line 1
[2025-04-01 23:42:27] DB Error: SQLSTATE[42000]: Syntax error or access violation: 1064 You have an error in your SQL syntax; check the manual that corresponds to your MySQL server version for the right syntax to use near '' at line 1
[2025-04-01 23:43:31] DB Error: SQLSTATE[HY093]: Invalid parameter number: number of bound variables does not match number of tokens
[2025-04-01 23:44:14] DB Error: SQLSTATE[42000]: Syntax error or access violation: 1064 You have an error in your SQL syntax; check the manual that corresponds to your MySQL server version for the right syntax to use near '' at line 1
[2025-04-01 23:45:22] DB Error: SQLSTATE[42000]: Syntax error or access violation: 1064 You have an error in your SQL syntax; check the manual that corresponds to your MySQL server version for the right syntax to use near '' at line 1
[2025-04-01 23:48:38] DB Error: SQLSTATE[42000]: Syntax error or access violation: 1064 You have an error in your SQL syntax; check the manual that corresponds to your MySQL server version for the right syntax to use near '' at line 1
[2025-04-03 16:18:29] DB Error: SQLSTATE[HY093]: Invalid parameter number: number of bound variables does not match number of tokens
[2025-04-03 16:18:59] DB Error: SQLSTATE[HY093]: Invalid parameter number: number of bound variables does not match number of tokens
[2025-04-03 16:20:55] DB Error: SQLSTATE[HY093]: Invalid parameter number: number of bound variables does not match number of tokens
[2025-04-03 16:22:14] DB Error: SQLSTATE[HY093]: Invalid parameter number: number of bound variables does not match number of tokens
[2025-04-03 16:22:31] DB Error: SQLSTATE[HY093]: Invalid parameter number: number of bound variables does not match number of tokens
[2025-04-03 16:22:40] DB Error: SQLSTATE[HY093]: Invalid parameter number: number of bound variables does not match number of tokens
[2025-04-03 16:23:29] DB Error: SQLSTATE[HY093]: Invalid parameter number: number of bound variables does not match number of tokens
[2025-04-03 16:24:40] DB Error: SQLSTATE[HY093]: Invalid parameter number: number of bound variables does not match number of tokens
[2025-04-03 16:25:02] DB Error: SQLSTATE[HY093]: Invalid parameter number: number of bound variables does not match number of tokens
[2025-04-03 16:25:59] DB Error: SQLSTATE[HY093]: Invalid parameter number: number of bound variables does not match number of tokens
[2025-04-03 16:26:27] DB Error: SQLSTATE[HY093]: Invalid parameter number: number of bound variables does not match number of tokens
[2025-04-03 17:07:54] DB Error: SQLSTATE[HY093]: Invalid parameter number: number of bound variables does not match number of tokens
[2025-04-03 17:08:12] DB Error: SQLSTATE[HY093]: Invalid parameter number: number of bound variables does not match number of tokens
[2025-04-03 17:11:16] DB Error: SQLSTATE[HY093]: Invalid parameter number: number of bound variables does not match number of tokens
[2025-04-03 17:12:33] DB Error: SQLSTATE[HY093]: Invalid parameter number: number of bound variables does not match number of tokens
[2025-04-03 17:13:05] DB Error: SQLSTATE[HY093]: Invalid parameter number: number of bound variables does not match number of tokens
[2025-04-03 17:14:05] DB Error: SQLSTATE[HY093]: Invalid parameter number: number of bound variables does not match number of tokens
[2025-04-03 17:15:27] DB Error: SQLSTATE[HY093]: Invalid parameter number: number of bound variables does not match number of tokens
[2025-04-03 17:16:03] DB Error: SQLSTATE[HY093]: Invalid parameter number: number of bound variables does not match number of tokens
[2025-04-03 17:16:58] DB Error: SQLSTATE[HY093]: Invalid parameter number: number of bound variables does not match number of tokens
[2025-04-03 17:17:07] DB Error: SQLSTATE[HY093]: Invalid parameter number: number of bound variables does not match number of tokens
[2025-04-03 17:17:15] DB Error: SQLSTATE[HY093]: Invalid parameter number: number of bound variables does not match number of tokens
[2025-04-03 17:22:14] DB Error: SQLSTATE[HY093]: Invalid parameter number: number of bound variables does not match number of tokens
[2025-04-03 17:26:41] DB Error: SQLSTATE[HY093]: Invalid parameter number: number of bound variables does not match number of tokens
[2025-04-03 17:27:10] DB Error: SQLSTATE[HY093]: Invalid parameter number: number of bound variables does not match number of tokens
[2025-04-03 17:27:20] DB Error: SQLSTATE[HY093]: Invalid parameter number: number of bound variables does not match number of tokens
[2025-04-03 17:28:21] DB Error: SQLSTATE[HY093]: Invalid parameter number: number of bound variables does not match number of tokens
[2025-04-03 17:28:28] DB Error: SQLSTATE[HY093]: Invalid parameter number: number of bound variables does not match number of tokens
[2025-04-03 17:29:20] DB Error: SQLSTATE[HY093]: Invalid parameter number: number of bound variables does not match number of tokens
[2025-04-03 17:29:28] DB Error: SQLSTATE[HY093]: Invalid parameter number: number of bound variables does not match number of tokens
[2025-04-03 17:29:53] DB Error: SQLSTATE[HY093]: Invalid parameter number: number of bound variables does not match number of tokens
[2025-04-03 17:30:37] DB Error: SQLSTATE[HY093]: Invalid parameter number: number of bound variables does not match number of tokens
[2025-04-03 17:32:13] DB Error: SQLSTATE[HY093]: Invalid parameter number: number of bound variables does not match number of tokens
[2025-04-03 17:33:10] DB Error: SQLSTATE[HY093]: Invalid parameter number: number of bound variables does not match number of tokens
[2025-04-03 17:33:14] DB Error: SQLSTATE[HY093]: Invalid parameter number: number of bound variables does not match number of tokens
[2025-04-03 17:34:27] DB Error: SQLSTATE[HY000]: General error: 1364 Field 'create_date' doesn't have a default value
[2025-04-03 17:34:34] DB Error: SQLSTATE[HY000]: General error: 1364 Field 'create_date' doesn't have a default value
[2025-04-03 17:34:51] DB Error: SQLSTATE[HY000]: General error: 1364 Field 'create_date' doesn't have a default value
[2025-04-03 17:35:36] DB Error: SQLSTATE[HY093]: Invalid parameter number: number of bound variables does not match number of tokens
[2025-04-03 17:35:55] DB Error: SQLSTATE[HY093]: Invalid parameter number: number of bound variables does not match number of tokens
[2025-04-03 17:36:07] DB Error: SQLSTATE[HY093]: Invalid parameter number: number of bound variables does not match number of tokens
[2025-04-03 17:36:52] DB Error: SQLSTATE[HY093]: Invalid parameter number: number of bound variables does not match number of tokens
[2025-04-03 17:36:58] DB Error: SQLSTATE[HY093]: Invalid parameter number: number of bound variables does not match number of tokens
[2025-04-03 17:38:42] DB Error: SQLSTATE[HY093]: Invalid parameter number: number of bound variables does not match number of tokens
[2025-04-03 17:39:40] DB Error: SQLSTATE[HY093]: Invalid parameter number: number of bound variables does not match number of tokens
[2025-04-03 17:39:46] DB Error: SQLSTATE[HY093]: Invalid parameter number: number of bound variables does not match number of tokens
[2025-04-03 17:40:50] DB Error: SQLSTATE[HY093]: Invalid parameter number: number of bound variables does not match number of tokens
[2025-04-03 17:41:09] DB Error: SQLSTATE[HY093]: Invalid parameter number: number of bound variables does not match number of tokens
[2025-04-03 17:41:28] DB Error: SQLSTATE[HY093]: Invalid parameter number: number of bound variables does not match number of tokens
[2025-04-03 17:42:45] DB Error: SQLSTATE[HY093]: Invalid parameter number: number of bound variables does not match number of tokens
[2025-04-03 17:44:58] DB Error: SQLSTATE[HY093]: Invalid parameter number: number of bound variables does not match number of tokens
[2025-04-03 17:45:23] DB Error: SQLSTATE[HY093]: Invalid parameter number: number of bound variables does not match number of tokens
[2025-04-03 17:45:47] DB Error: SQLSTATE[HY093]: Invalid parameter number: number of bound variables does not match number of tokens
[2025-04-03 17:46:52] DB Error: SQLSTATE[HY093]: Invalid parameter number: number of bound variables does not match number of tokens
[2025-04-03 17:47:50] DB Error: SQLSTATE[HY093]: Invalid parameter number: number of bound variables does not match number of tokens
[2025-04-03 17:48:40] DB Error: SQLSTATE[HY093]: Invalid parameter number: number of bound variables does not match number of tokens
[2025-04-03 17:48:55] DB Error: SQLSTATE[HY093]: Invalid parameter number: number of bound variables does not match number of tokens
[2025-04-03 17:52:17] DB Error: SQLSTATE[HY093]: Invalid parameter number: number of bound variables does not match number of tokens
[2025-04-03 20:55:31] DB Error: SQLSTATE[42S22]: Column not found: 1054 Unknown column 'Array' in 'where clause'
[2025-04-03 20:55:39] DB Error: SQLSTATE[42S22]: Column not found: 1054 Unknown column 'Array' in 'where clause'
[2025-04-03 20:55:53] DB Error: SQLSTATE[42S22]: Column not found: 1054 Unknown column 'Array' in 'where clause'
[2025-04-03 20:56:13] DB Error: SQLSTATE[42S22]: Column not found: 1054 Unknown column 'Array' in 'where clause'
[2025-04-03 20:56:37] DB Error: SQLSTATE[42000]: Syntax error or access violation: 1064 You have an error in your SQL syntax; check the manual that corresponds to your MySQL server version for the right syntax to use near '' at line 1
[2025-04-03 20:56:51] DB Error: SQLSTATE[42000]: Syntax error or access violation: 1064 You have an error in your SQL syntax; check the manual that corresponds to your MySQL server version for the right syntax to use near '' at line 1
[2025-04-03 20:58:09] DB Error: SQLSTATE[42S22]: Column not found: 1054 Unknown column 'asd' in 'where clause'
[2025-04-03 20:58:21] DB Error: SQLSTATE[42S22]: Column not found: 1054 Unknown column 'asd' in 'where clause'
[2025-04-03 21:00:38] DB Error: SQLSTATE[42000]: Syntax error or access violation: 1064 You have an error in your SQL syntax; check the manual that corresponds to your MySQL server version for the right syntax to use near 'LIKE '%%'' at line 1
[2025-04-03 21:00:41] DB Error: SQLSTATE[42000]: Syntax error or access violation: 1064 You have an error in your SQL syntax; check the manual that corresponds to your MySQL server version for the right syntax to use near 'LIKE '%%'' at line 1
[2025-04-03 21:00:44] DB Error: SQLSTATE[42000]: Syntax error or access violation: 1064 You have an error in your SQL syntax; check the manual that corresponds to your MySQL server version for the right syntax to use near 'LIKE '%%'' at line 1
[2025-04-03 21:00:51] DB Error: SQLSTATE[42000]: Syntax error or access violation: 1064 You have an error in your SQL syntax; check the manual that corresponds to your MySQL server version for the right syntax to use near 'LIKE '%%'' at line 1
[2025-04-03 21:01:44] DB Error: SQLSTATE[42000]: Syntax error or access violation: 1064 You have an error in your SQL syntax; check the manual that corresponds to your MySQL server version for the right syntax to use near 'LIKE '%%'' at line 1
[2025-04-03 21:01:52] DB Error: SQLSTATE[42000]: Syntax error or access violation: 1064 You have an error in your SQL syntax; check the manual that corresponds to your MySQL server version for the right syntax to use near 'LIKE '%%'' at line 1
[2025-04-03 21:02:38] DB Error: SQLSTATE[42000]: Syntax error or access violation: 1064 You have an error in your SQL syntax; check the manual that corresponds to your MySQL server version for the right syntax to use near 'LIKE '%%'' at line 1
[2025-04-03 21:02:58] DB Error: SQLSTATE[42000]: Syntax error or access violation: 1064 You have an error in your SQL syntax; check the manual that corresponds to your MySQL server version for the right syntax to use near '' at line 1
[2025-04-03 21:05:26] DB Error: SQLSTATE[42S22]: Column not found: 1054 Unknown column 'asd' in 'where clause'
[2025-04-03 21:06:03] DB Error: SQLSTATE[42S22]: Column not found: 1054 Unknown column 'asd' in 'where clause'
[2025-04-03 21:06:09] DB Error: SQLSTATE[42S22]: Column not found: 1054 Unknown column 'asdads' in 'where clause'
[2025-04-03 21:06:23] DB Error: SQLSTATE[42S22]: Column not found: 1054 Unknown column 'sadasd' in 'where clause'
[2025-04-03 21:08:01] DB Error: SQLSTATE[42S22]: Column not found: 1054 Unknown column 'sadasd' in 'where clause'
[2025-04-03 21:09:06] DB Error: SQLSTATE[42S22]: Column not found: 1054 Unknown column 'asd' in 'where clause'
[2025-04-03 21:09:18] DB Error: SQLSTATE[42S22]: Column not found: 1054 Unknown column 'asdads' in 'where clause'
[2025-04-03 21:09:27] DB Error: SQLSTATE[42S22]: Column not found: 1054 Unknown column 'asdad' in 'where clause'
[2025-04-03 21:09:39] DB Error: SQLSTATE[42S22]: Column not found: 1054 Unknown column 'asdads' in 'where clause'
[2025-04-03 21:10:03] DB Error: SQLSTATE[42S22]: Column not found: 1054 Unknown column 'sadasd' in 'where clause'
[2025-04-03 21:10:07] DB Error: SQLSTATE[42S22]: Column not found: 1054 Unknown column 'sadasd' in 'where clause'
[2025-04-03 21:13:30] DB Error: SQLSTATE[42S22]: Column not found: 1054 Unknown column 'ads' in 'where clause'
[2025-04-03 21:19:04] DB Error: SQLSTATE[42S22]: Column not found: 1054 Unknown column '' in 'where clause'
[2025-04-03 21:20:18] DB Error: SQLSTATE[42S22]: Column not found: 1054 Unknown column 'asd' in 'where clause'
[2025-04-03 21:20:51] DB Error: SQLSTATE[42S22]: Column not found: 1054 Unknown column '' in 'where clause'
[2025-04-03 21:25:25] DB Error: SQLSTATE[42S22]: Column not found: 1054 Unknown column '' in 'where clause'
[2025-04-03 21:31:14] DB Error: SQLSTATE[42S22]: Column not found: 1054 Unknown column '' in 'where clause'
[2025-04-03 21:33:24] DB Error: SQLSTATE[42S22]: Column not found: 1054 Unknown column '' in 'where clause'
[2025-04-03 21:33:28] DB Error: SQLSTATE[42S22]: Column not found: 1054 Unknown column '' in 'where clause'
[2025-04-03 21:39:36] DB Error: SQLSTATE[42S02]: Base table or view not found: 1146 Table 'demo.datatable' doesn't exist
[2025-04-03 21:39:41] DB Error: SQLSTATE[42S02]: Base table or view not found: 1146 Table 'demo.datatable' doesn't exist
[2025-04-03 21:42:21] DB Error: SQLSTATE[42S02]: Base table or view not found: 1146 Table 'demo.datatable' doesn't exist
[2025-04-03 21:43:07] DB Error: SQLSTATE[42S02]: Base table or view not found: 1146 Table 'demo.datatable' doesn't exist
[2025-04-03 21:43:21] DB Error: SQLSTATE[42S02]: Base table or view not found: 1146 Table 'demo.datatable' doesn't exist
[2025-04-03 21:44:28] DB Error: SQLSTATE[42S02]: Base table or view not found: 1146 Table 'demo.datatable' doesn't exist
